# Lista para automatizar a instalação e configuração de diversos pacotes no Arch Linux,
# organizados por categoria para facilitar a manutenção do sistema.
#
# As categorias incluem segurança, jogos, personalização, comunicação, análise de código
# e drivers, garantindo uma configuração otimizada para diferentes usos.

### **Segurança**

apparmor                               # Segurança no kernel (Recomendável para usar com Snap)
apparmor-utils                         # Ferramentas utilitárias para AppArmor
apparmor-profiles                      # Perfis predefinidos para AppArmor

### **Jogos e Otimizações para Gaming**

gamemode                               # Otimização de desempenho para jogos
lib32-gamemode                         # Versão 32-bit do Gamemode para compatibilidade
lutris                                 # Plataforma de gerenciamento de jogos
wine-staging                           # Versão avançada do Wine para rodar jogos Windows
winetricks                             # Ferramenta auxiliar para configurações no Wine
game-devices-udev                      # Regras udev para dispositivos de jogo (controle, joystick, etc.)
steam-native-runtime                   # Steam em modo nativo

### **Personalização e Temas**

obsidian-icon-theme                    # Tema de ícones Obsidian baseado no Papirus
cutefish-icons                         # Conjunto de ícones do ambiente Cutefish
orchis-theme                           # Tema moderno para GTK e GNOME Shell
tela-circle-icon-theme-black           # Variante preta do conjunto de ícones Tela Circle
vimix-cursors                          # Tema de cursores Vimix
gnome-themes-extra                     # Conjunto de temas adicionais para GTK
tela-circle-icon-theme-all             # Conjunto de ícones Tela Circle

### **Captura de Tela**

flameshot                              # Ferramenta de captura de tela avançada

### **Comunicação**

telegram-desktop                       # Aplicativo de mensagens Telegram

### **Análise e Formatação de Código**

jq                                     # Processador de JSON no terminal
prettier                               # Formatador de código para várias linguagens
shellcheck                             # Analisador estático para scripts shell
shfmt                                  # Formatador para scripts shell
stylelint                              # Linter para arquivos CSS e preprocessadores como SCSS

### **Kernel e Drivers**

kernel-modules-hook                    # Gerenciamento de módulos do kernel após atualizações
xf86-video-amdgpu                      # Driver gráfico para placas AMD
xf86-video-ati                         # Driver gráfico para placas ATI
xf86-video-intel                       # Driver gráfico para chips Intel
lib32-fontconfig                       # Biblioteca para configuração de fontes (32-bit)
ttf-liberation                         # Conjunto de fontes Liberation
wqy-zenhei                             # Fonte chinesa de alta qualidade
lib32-systemd                          # Compatibilidade do systemd para arquitetura 32-bit

